{"event": "smart_context_init", "inject_enabled": true, "adaptive_enabled": true, "graph_enabled": false, "schema_version": "4.4.0", "component": "smart_context", "ts": "2026-02-24T09:55:10.812921"}
{"event": "inject", "reason": "context_starved", "retrieved": 5, "injected": 0, "ratio": 0.0, "threshold": 0.56, "max_items": 1, "schema_version": "4.4.0", "component": "smart_context", "ts": "2026-02-24T09:55:13.180966"}
{"event": "graph_inject", "reason": "context_starved", "graph_injected": 0, "graph_ratio": 0.0, "schema_version": "4.4.0", "component": "smart_context", "ts": "2026-02-24T09:55:13.181261"}
{"event": "smart_context_init", "inject_enabled": true, "adaptive_enabled": true, "graph_enabled": false, "schema_version": "4.4.0", "component": "smart_context", "ts": "2026-02-24T09:57:16.651022"}
{"event": "inject", "reason": "context_starved", "retrieved": 5, "injected": 0, "ratio": 0.0, "threshold": 0.56, "max_items": 1, "schema_version": "4.4.0", "component": "smart_context", "ts": "2026-02-24T09:57:19.086487"}
{"event": "graph_inject", "reason": "context_starved", "graph_injected": 0, "graph_ratio": 0.0, "schema_version": "4.4.0", "component": "smart_context", "ts": "2026-02-24T09:57:19.086644"}
{"event": "smart_context_init", "inject_enabled": true, "adaptive_enabled": true, "graph_enabled": false, "schema_version": "4.4.0", "component": "smart_context", "ts": "2026-02-24T10:00:41.826149"}
{"event": "inject", "reason": "context_starved", "retrieved": 5, "injected": 0, "ratio": 0.0, "threshold": 0.56, "max_items": 1, "schema_version": "4.4.0", "component": "smart_context", "ts": "2026-02-24T10:00:44.059782"}
{"event": "graph_inject", "reason": "context_starved", "graph_injected": 0, "graph_ratio": 0.0, "schema_version": "4.4.0", "component": "smart_context", "ts": "2026-02-24T10:00:44.060011"}
{"event": "smart_context_init", "inject_enabled": true, "adaptive_enabled": true, "graph_enabled": false, "schema_version": "4.4.0", "component": "smart_context", "ts": "2026-02-24T10:15:30.826402"}
{"event": "inject", "reason": "technical_term", "retrieved": 5, "injected": 0, "ratio": 0.0, "threshold": 0.65, "max_items": 2, "schema_version": "4.4.0", "component": "smart_context", "ts": "2026-02-24T10:15:35.894465"}
{"event": "graph_inject", "reason": "technical_term", "graph_injected": 0, "graph_ratio": 0.0, "schema_version": "4.4.0", "component": "smart_context", "ts": "2026-02-24T10:15:35.894665"}
{"event": "smart_context_init", "inject_enabled": true, "adaptive_enabled": true, "graph_enabled": false, "schema_version": "4.4.0", "component": "smart_context", "ts": "2026-02-24T10:16:52.918205"}
{"event": "inject", "reason": "technical_term", "retrieved": 5, "injected": 0, "ratio": 0.0, "threshold": 0.65, "max_items": 2, "schema_version": "4.4.0", "component": "smart_context", "ts": "2026-02-24T10:16:58.537251"}
{"event": "graph_inject", "reason": "technical_term", "graph_injected": 0, "graph_ratio": 0.0, "schema_version": "4.4.0", "component": "smart_context", "ts": "2026-02-24T10:16:58.537568"}
{"event": "smart_context_init", "inject_enabled": true, "adaptive_enabled": true, "graph_enabled": false, "schema_version": "4.4.0", "component": "smart_context", "ts": "2026-02-24T10:18:28.547482"}
{"event": "inject", "reason": "technical_term", "retrieved": 5, "injected": 0, "ratio": 0.0, "threshold": 0.65, "max_items": 2, "schema_version": "4.4.0", "component": "smart_context", "ts": "2026-02-24T10:18:34.826130"}
{"event": "graph_inject", "reason": "technical_term", "graph_injected": 0, "graph_ratio": 0.0, "schema_version": "4.4.0", "component": "smart_context", "ts": "2026-02-24T10:18:34.826545"}
{"event": "smart_context_init", "inject_enabled": true, "adaptive_enabled": true, "graph_enabled": false, "schema_version": "4.4.0", "component": "smart_context", "ts": "2026-02-24T10:30:54.958318"}
{"event": "inject", "reason": "context_starved", "retrieved": 5, "injected": 0, "ratio": 0.0, "threshold": 0.56, "max_items": 1, "schema_version": "4.4.0", "component": "smart_context", "ts": "2026-02-24T10:30:57.910847"}
{"event": "graph_inject", "reason": "context_starved", "graph_injected": 0, "graph_ratio": 0.0, "schema_version": "4.4.0", "component": "smart_context", "ts": "2026-02-24T10:30:57.911023"}
{"event": "smart_context_init", "inject_enabled": true, "adaptive_enabled": true, "graph_enabled": false, "schema_version": "4.4.0", "component": "smart_context", "ts": "2026-02-24T10:45:24.875660"}
{"event": "inject", "reason": "context_starved", "retrieved": 5, "injected": 0, "ratio": 0.0, "threshold": 0.56, "max_items": 1, "schema_version": "4.4.0", "component": "smart_context", "ts": "2026-02-24T10:45:28.083196"}
{"event": "graph_inject", "reason": "context_starved", "graph_injected": 0, "graph_ratio": 0.0, "schema_version": "4.4.0", "component": "smart_context", "ts": "2026-02-24T10:45:28.083516"}
{"event": "smart_context_init", "inject_enabled": true, "adaptive_enabled": true, "graph_enabled": false, "schema_version": "4.4.0", "component": "smart_context", "ts": "2026-02-24T10:46:35.544837"}
{"event": "inject", "reason": "context_starved", "retrieved": 5, "injected": 0, "ratio": 0.0, "threshold": 0.56, "max_items": 1, "schema_version": "4.4.0", "component": "smart_context", "ts": "2026-02-24T10:46:38.064406"}
{"event": "graph_inject", "reason": "context_starved", "graph_injected": 0, "graph_ratio": 0.0, "schema_version": "4.4.0", "component": "smart_context", "ts": "2026-02-24T10:46:38.064584"}
{"event": "smart_context_init", "inject_enabled": true, "adaptive_enabled": true, "graph_enabled": false, "schema_version": "4.4.0", "component": "smart_context", "ts": "2026-02-24T10:48:42.449298"}
{"event": "inject", "reason": "context_starved", "retrieved": 5, "injected": 0, "ratio": 0.0, "threshold": 0.56, "max_items": 1, "schema_version": "4.4.0", "component": "smart_context", "ts": "2026-02-24T10:48:49.088607"}
{"event": "graph_inject", "reason": "context_starved", "graph_injected": 0, "graph_ratio": 0.0, "schema_version": "4.4.0", "component": "smart_context", "ts": "2026-02-24T10:48:49.089041"}
{"event": "smart_context_init", "inject_enabled": true, "adaptive_enabled": true, "graph_enabled": false, "schema_version": "4.4.0", "component": "smart_context", "ts": "2026-02-24T10:53:21.494321"}
{"event": "inject", "reason": "technical_term", "retrieved": 5, "injected": 0, "ratio": 0.0, "threshold": 0.65, "max_items": 2, "schema_version": "4.4.0", "component": "smart_context", "ts": "2026-02-24T10:53:24.166185"}
{"event": "graph_inject", "reason": "technical_term", "graph_injected": 0, "graph_ratio": 0.0, "schema_version": "4.4.0", "component": "smart_context", "ts": "2026-02-24T10:53:24.166331"}
{"event": "smart_context_init", "inject_enabled": true, "adaptive_enabled": true, "graph_enabled": false, "schema_version": "4.4.0", "component": "smart_context", "ts": "2026-02-24T11:00:33.167683"}
{"event": "inject", "reason": "context_starved", "retrieved": 5, "injected": 0, "ratio": 0.0, "threshold": 0.56, "max_items": 1, "schema_version": "4.4.0", "component": "smart_context", "ts": "2026-02-24T11:00:35.437059"}
{"event": "graph_inject", "reason": "context_starved", "graph_injected": 0, "graph_ratio": 0.0, "schema_version": "4.4.0", "component": "smart_context", "ts": "2026-02-24T11:00:35.437217"}
{"event": "smart_context_init", "inject_enabled": true, "adaptive_enabled": true, "graph_enabled": false, "schema_version": "4.4.0", "component": "smart_context", "ts": "2026-02-24T11:15:32.053438"}
{"event": "inject", "reason": "technical_term", "retrieved": 5, "injected": 0, "ratio": 0.0, "threshold": 0.65, "max_items": 2, "schema_version": "4.4.0", "component": "smart_context", "ts": "2026-02-24T11:15:37.100750"}
{"event": "graph_inject", "reason": "technical_term", "graph_injected": 0, "graph_ratio": 0.0, "schema_version": "4.4.0", "component": "smart_context", "ts": "2026-02-24T11:15:37.101018"}
{"event": "smart_context_init", "inject_enabled": true, "adaptive_enabled": true, "graph_enabled": false, "schema_version": "4.4.0", "component": "smart_context", "ts": "2026-02-24T11:16:23.468572"}
{"event": "inject", "reason": "technical_term", "retrieved": 5, "injected": 0, "ratio": 0.0, "threshold": 0.65, "max_items": 2, "schema_version": "4.4.0", "component": "smart_context", "ts": "2026-02-24T11:16:25.370097"}
{"event": "graph_inject", "reason": "technical_term", "graph_injected": 0, "graph_ratio": 0.0, "schema_version": "4.4.0", "component": "smart_context", "ts": "2026-02-24T11:16:25.370390"}
{"event": "smart_context_init", "inject_enabled": true, "adaptive_enabled": true, "graph_enabled": false, "schema_version": "4.4.0", "component": "smart_context", "ts": "2026-02-24T11:17:55.867401"}
{"event": "inject", "reason": "technical_term", "retrieved": 5, "injected": 0, "ratio": 0.0, "threshold": 0.65, "max_items": 2, "schema_version": "4.4.0", "component": "smart_context", "ts": "2026-02-24T11:17:58.879596"}
{"event": "graph_inject", "reason": "technical_term", "graph_injected": 0, "graph_ratio": 0.0, "schema_version": "4.4.0", "component": "smart_context", "ts": "2026-02-24T11:17:58.879770"}
{"event": "smart_context_init", "inject_enabled": true, "adaptive_enabled": true, "graph_enabled": false, "schema_version": "4.4.0", "component": "smart_context", "ts": "2026-02-24T11:30:33.462254"}
{"event": "inject", "reason": "context_starved", "retrieved": 5, "injected": 0, "ratio": 0.0, "threshold": 0.56, "max_items": 1, "schema_version": "4.4.0", "component": "smart_context", "ts": "2026-02-24T11:30:36.677417"}
{"event": "graph_inject", "reason": "context_starved", "graph_injected": 0, "graph_ratio": 0.0, "schema_version": "4.4.0", "component": "smart_context", "ts": "2026-02-24T11:30:36.677695"}
{"event": "smart_context_init", "inject_enabled": true, "adaptive_enabled": true, "graph_enabled": false, "schema_version": "4.4.0", "component": "smart_context", "ts": "2026-02-24T11:32:09.268380"}
{"event": "inject", "reason": "context_starved", "retrieved": 5, "injected": 0, "ratio": 0.0, "threshold": 0.56, "max_items": 1, "schema_version": "4.4.0", "component": "smart_context", "ts": "2026-02-24T11:32:11.973341"}
{"event": "graph_inject", "reason": "context_starved", "graph_injected": 0, "graph_ratio": 0.0, "schema_version": "4.4.0", "component": "smart_context", "ts": "2026-02-24T11:32:11.973545"}
{"event": "smart_context_init", "inject_enabled": true, "adaptive_enabled": true, "graph_enabled": false, "schema_version": "4.4.0", "component": "smart_context", "ts": "2026-02-24T11:33:52.529175"}
{"event": "inject", "reason": "context_starved", "retrieved": 5, "injected": 0, "ratio": 0.0, "threshold": 0.56, "max_items": 1, "schema_version": "4.4.0", "component": "smart_context", "ts": "2026-02-24T11:33:54.237332"}
{"event": "graph_inject", "reason": "context_starved", "graph_injected": 0, "graph_ratio": 0.0, "schema_version": "4.4.0", "component": "smart_context", "ts": "2026-02-24T11:33:54.237523"}
{"event": "smart_context_init", "inject_enabled": true, "adaptive_enabled": true, "graph_enabled": false, "schema_version": "4.4.0", "component": "smart_context", "ts": "2026-02-24T11:34:48.764013"}
{"event": "inject", "reason": "context_starved", "retrieved": 5, "injected": 0, "ratio": 0.0, "threshold": 0.56, "max_items": 1, "schema_version": "4.4.0", "component": "smart_context", "ts": "2026-02-24T11:34:50.541090"}
{"event": "graph_inject", "reason": "context_starved", "graph_injected": 0, "graph_ratio": 0.0, "schema_version": "4.4.0", "component": "smart_context", "ts": "2026-02-24T11:34:50.541361"}
{"event": "smart_context_init", "inject_enabled": true, "adaptive_enabled": true, "graph_enabled": false, "schema_version": "4.4.0", "component": "smart_context", "ts": "2026-02-24T11:35:48.985292"}
{"event": "inject", "reason": "context_starved", "retrieved": 5, "injected": 0, "ratio": 0.0, "threshold": 0.56, "max_items": 1, "schema_version": "4.4.0", "component": "smart_context", "ts": "2026-02-24T11:35:51.486385"}
{"event": "graph_inject", "reason": "context_starved", "graph_injected": 0, "graph_ratio": 0.0, "schema_version": "4.4.0", "component": "smart_context", "ts": "2026-02-24T11:35:51.486544"}
{"event": "smart_context_init", "inject_enabled": true, "adaptive_enabled": true, "graph_enabled": false, "schema_version": "4.4.0", "component": "smart_context", "ts": "2026-02-24T11:36:50.016067"}
{"event": "inject", "reason": "technical_term", "retrieved": 5, "injected": 0, "ratio": 0.0, "threshold": 0.65, "max_items": 2, "schema_version": "4.4.0", "component": "smart_context", "ts": "2026-02-24T11:36:52.575358"}
{"event": "graph_inject", "reason": "technical_term", "graph_injected": 0, "graph_ratio": 0.0, "schema_version": "4.4.0", "component": "smart_context", "ts": "2026-02-24T11:36:52.575553"}
{"event": "smart_context_init", "inject_enabled": true, "adaptive_enabled": true, "graph_enabled": false, "schema_version": "4.4.0", "component": "smart_context", "ts": "2026-02-24T11:37:51.735730"}
{"event": "inject", "reason": "technical_term", "retrieved": 5, "injected": 0, "ratio": 0.0, "threshold": 0.65, "max_items": 2, "schema_version": "4.4.0", "component": "smart_context", "ts": "2026-02-24T11:37:55.189585"}
{"event": "graph_inject", "reason": "technical_term", "graph_injected": 0, "graph_ratio": 0.0, "schema_version": "4.4.0", "component": "smart_context", "ts": "2026-02-24T11:37:55.189816"}
{"event": "smart_context_init", "inject_enabled": true, "adaptive_enabled": true, "graph_enabled": false, "schema_version": "4.4.0", "component": "smart_context", "ts": "2026-02-24T11:38:33.769951"}
{"event": "inject", "reason": "technical_term", "retrieved": 5, "injected": 0, "ratio": 0.0, "threshold": 0.65, "max_items": 2, "schema_version": "4.4.0", "component": "smart_context", "ts": "2026-02-24T11:38:35.504435"}
{"event": "graph_inject", "reason": "technical_term", "graph_injected": 0, "graph_ratio": 0.0, "schema_version": "4.4.0", "component": "smart_context", "ts": "2026-02-24T11:38:35.504765"}
{"event": "smart_context_init", "inject_enabled": true, "adaptive_enabled": true, "graph_enabled": false, "schema_version": "4.4.0", "component": "smart_context", "ts": "2026-02-24T11:45:24.839655"}
{"event": "inject", "reason": "technical_term", "retrieved": 5, "injected": 0, "ratio": 0.0, "threshold": 0.65, "max_items": 2, "schema_version": "4.4.0", "component": "smart_context", "ts": "2026-02-24T11:45:27.415162"}
{"event": "graph_inject", "reason": "technical_term", "graph_injected": 0, "graph_ratio": 0.0, "schema_version": "4.4.0", "component": "smart_context", "ts": "2026-02-24T11:45:27.415347"}
{"event": "smart_context_init", "inject_enabled": true, "adaptive_enabled": true, "graph_enabled": false, "schema_version": "4.4.0", "component": "smart_context", "ts": "2026-02-24T11:46:56.046836"}
{"event": "inject", "reason": "technical_term", "retrieved": 5, "injected": 0, "ratio": 0.0, "threshold": 0.65, "max_items": 2, "schema_version": "4.4.0", "component": "smart_context", "ts": "2026-02-24T11:46:58.124573"}
{"event": "graph_inject", "reason": "technical_term", "graph_injected": 0, "graph_ratio": 0.0, "schema_version": "4.4.0", "component": "smart_context", "ts": "2026-02-24T11:46:58.124760"}
{"event": "smart_context_init", "inject_enabled": true, "adaptive_enabled": true, "graph_enabled": false, "schema_version": "4.4.0", "component": "smart_context", "ts": "2026-02-24T11:48:12.439150"}
{"event": "inject", "reason": "context_starved", "retrieved": 5, "injected": 0, "ratio": 0.0, "threshold": 0.56, "max_items": 1, "schema_version": "4.4.0", "component": "smart_context", "ts": "2026-02-24T11:48:14.719526"}
{"event": "graph_inject", "reason": "context_starved", "graph_injected": 0, "graph_ratio": 0.0, "schema_version": "4.4.0", "component": "smart_context", "ts": "2026-02-24T11:48:14.719792"}
{"event": "smart_context_init", "inject_enabled": true, "adaptive_enabled": true, "graph_enabled": false, "schema_version": "4.4.0", "component": "smart_context", "ts": "2026-02-24T11:49:19.583178"}
{"event": "inject", "reason": "context_starved", "retrieved": 5, "injected": 0, "ratio": 0.0, "threshold": 0.56, "max_items": 1, "schema_version": "4.4.0", "component": "smart_context", "ts": "2026-02-24T11:49:21.996363"}
{"event": "graph_inject", "reason": "context_starved", "graph_injected": 0, "graph_ratio": 0.0, "schema_version": "4.4.0", "component": "smart_context", "ts": "2026-02-24T11:49:21.996595"}
{"event": "smart_context_init", "inject_enabled": true, "adaptive_enabled": true, "graph_enabled": false, "schema_version": "4.4.0", "component": "smart_context", "ts": "2026-02-24T11:50:32.251100"}
{"event": "inject", "reason": "context_starved", "retrieved": 5, "injected": 0, "ratio": 0.0, "threshold": 0.56, "max_items": 1, "schema_version": "4.4.0", "component": "smart_context", "ts": "2026-02-24T11:50:34.344346"}
{"event": "graph_inject", "reason": "context_starved", "graph_injected": 0, "graph_ratio": 0.0, "schema_version": "4.4.0", "component": "smart_context", "ts": "2026-02-24T11:50:34.344663"}
{"event": "smart_context_init", "inject_enabled": true, "adaptive_enabled": true, "graph_enabled": false, "schema_version": "4.4.0", "component": "smart_context", "ts": "2026-02-24T11:51:11.262694"}
{"event": "inject", "reason": "context_starved", "retrieved": 5, "injected": 0, "ratio": 0.0, "threshold": 0.56, "max_items": 1, "schema_version": "4.4.0", "component": "smart_context", "ts": "2026-02-24T11:51:12.567150"}
{"event": "graph_inject", "reason": "context_starved", "graph_injected": 0, "graph_ratio": 0.0, "schema_version": "4.4.0", "component": "smart_context", "ts": "2026-02-24T11:51:12.567298"}
{"event": "smart_context_init", "inject_enabled": true, "adaptive_enabled": true, "graph_enabled": false, "schema_version": "4.4.0", "component": "smart_context", "ts": "2026-02-24T11:52:01.157112"}
{"event": "inject", "reason": "context_starved", "retrieved": 5, "injected": 0, "ratio": 0.0, "threshold": 0.56, "max_items": 1, "schema_version": "4.4.0", "component": "smart_context", "ts": "2026-02-24T11:52:03.234743"}
{"event": "graph_inject", "reason": "context_starved", "graph_injected": 0, "graph_ratio": 0.0, "schema_version": "4.4.0", "component": "smart_context", "ts": "2026-02-24T11:52:03.234964"}
{"event": "smart_context_init", "inject_enabled": true, "adaptive_enabled": true, "graph_enabled": false, "schema_version": "4.4.0", "component": "smart_context", "ts": "2026-02-24T11:52:52.878658"}
{"event": "inject", "reason": "technical_term", "retrieved": 5, "injected": 0, "ratio": 0.0, "threshold": 0.65, "max_items": 2, "schema_version": "4.4.0", "component": "smart_context", "ts": "2026-02-24T11:52:56.827761"}
{"event": "graph_inject", "reason": "technical_term", "graph_injected": 0, "graph_ratio": 0.0, "schema_version": "4.4.0", "component": "smart_context", "ts": "2026-02-24T11:52:56.827984"}
{"event": "smart_context_init", "inject_enabled": true, "adaptive_enabled": true, "graph_enabled": false, "schema_version": "4.4.0", "component": "smart_context", "ts": "2026-02-24T11:53:56.896433"}
{"event": "inject", "reason": "technical_term", "retrieved": 5, "injected": 0, "ratio": 0.0, "threshold": 0.65, "max_items": 2, "schema_version": "4.4.0", "component": "smart_context", "ts": "2026-02-24T11:53:58.288326"}
{"event": "graph_inject", "reason": "technical_term", "graph_injected": 0, "graph_ratio": 0.0, "schema_version": "4.4.0", "component": "smart_context", "ts": "2026-02-24T11:53:58.288506"}
{"event": "smart_context_init", "inject_enabled": true, "adaptive_enabled": true, "graph_enabled": false, "schema_version": "4.4.0", "component": "smart_context", "ts": "2026-02-24T12:00:35.340265"}
{"event": "inject", "reason": "technical_term", "retrieved": 5, "injected": 0, "ratio": 0.0, "threshold": 0.65, "max_items": 2, "schema_version": "4.4.0", "component": "smart_context", "ts": "2026-02-24T12:00:38.163951"}
{"event": "graph_inject", "reason": "technical_term", "graph_injected": 0, "graph_ratio": 0.0, "schema_version": "4.4.0", "component": "smart_context", "ts": "2026-02-24T12:00:38.164155"}
{"event": "smart_context_init", "inject_enabled": true, "adaptive_enabled": true, "graph_enabled": false, "schema_version": "4.4.0", "component": "smart_context", "ts": "2026-02-24T12:15:33.594323"}
{"event": "inject", "reason": "context_starved", "retrieved": 5, "injected": 0, "ratio": 0.0, "threshold": 0.56, "max_items": 1, "schema_version": "4.4.0", "component": "smart_context", "ts": "2026-02-24T12:15:38.547197"}
{"event": "graph_inject", "reason": "context_starved", "graph_injected": 0, "graph_ratio": 0.0, "schema_version": "4.4.0", "component": "smart_context", "ts": "2026-02-24T12:15:38.547553"}
{"event": "smart_context_init", "inject_enabled": true, "adaptive_enabled": true, "graph_enabled": false, "schema_version": "4.4.0", "component": "smart_context", "ts": "2026-02-24T12:17:05.125877"}
{"event": "inject", "reason": "context_starved", "retrieved": 5, "injected": 0, "ratio": 0.0, "threshold": 0.56, "max_items": 1, "schema_version": "4.4.0", "component": "smart_context", "ts": "2026-02-24T12:17:07.241548"}
{"event": "graph_inject", "reason": "context_starved", "graph_injected": 0, "graph_ratio": 0.0, "schema_version": "4.4.0", "component": "smart_context", "ts": "2026-02-24T12:17:07.241832"}
{"event": "smart_context_init", "inject_enabled": true, "adaptive_enabled": true, "graph_enabled": false, "schema_version": "4.4.0", "component": "smart_context", "ts": "2026-02-24T12:17:40.967739"}
{"event": "inject", "reason": "context_starved", "retrieved": 5, "injected": 0, "ratio": 0.0, "threshold": 0.56, "max_items": 1, "schema_version": "4.4.0", "component": "smart_context", "ts": "2026-02-24T12:17:43.062498"}
{"event": "graph_inject", "reason": "context_starved", "graph_injected": 0, "graph_ratio": 0.0, "schema_version": "4.4.0", "component": "smart_context", "ts": "2026-02-24T12:17:43.062674"}
{"event": "smart_context_init", "inject_enabled": true, "adaptive_enabled": true, "graph_enabled": false, "schema_version": "4.4.0", "component": "smart_context", "ts": "2026-02-24T12:18:14.224893"}
{"event": "inject", "reason": "technical_term", "retrieved": 5, "injected": 0, "ratio": 0.0, "threshold": 0.65, "max_items": 2, "schema_version": "4.4.0", "component": "smart_context", "ts": "2026-02-24T12:18:15.987335"}
{"event": "graph_inject", "reason": "technical_term", "graph_injected": 0, "graph_ratio": 0.0, "schema_version": "4.4.0", "component": "smart_context", "ts": "2026-02-24T12:18:15.987535"}
{"event": "smart_context_init", "inject_enabled": true, "adaptive_enabled": true, "graph_enabled": false, "schema_version": "4.4.0", "component": "smart_context", "ts": "2026-02-24T12:18:49.163725"}
{"event": "inject", "reason": "technical_term", "retrieved": 5, "injected": 0, "ratio": 0.0, "threshold": 0.65, "max_items": 2, "schema_version": "4.4.0", "component": "smart_context", "ts": "2026-02-24T12:18:51.007675"}
{"event": "graph_inject", "reason": "technical_term", "graph_injected": 0, "graph_ratio": 0.0, "schema_version": "4.4.0", "component": "smart_context", "ts": "2026-02-24T12:18:51.007972"}
{"event": "smart_context_init", "inject_enabled": true, "adaptive_enabled": true, "graph_enabled": false, "schema_version": "4.4.0", "component": "smart_context", "ts": "2026-02-24T12:19:22.735539"}
{"event": "inject", "reason": "question", "retrieved": 5, "injected": 0, "ratio": 0.0, "threshold": 0.65, "max_items": 2, "schema_version": "4.4.0", "component": "smart_context", "ts": "2026-02-24T12:19:24.625348"}
{"event": "graph_inject", "reason": "question", "graph_injected": 0, "graph_ratio": 0.0, "schema_version": "4.4.0", "component": "smart_context", "ts": "2026-02-24T12:19:24.625880"}
{"event": "smart_context_init", "inject_enabled": true, "adaptive_enabled": true, "graph_enabled": false, "schema_version": "4.4.0", "component": "smart_context", "ts": "2026-02-24T12:20:02.825301"}
{"event": "inject", "reason": "technical_term", "retrieved": 5, "injected": 0, "ratio": 0.0, "threshold": 0.65, "max_items": 2, "schema_version": "4.4.0", "component": "smart_context", "ts": "2026-02-24T12:20:07.925434"}
{"event": "graph_inject", "reason": "technical_term", "graph_injected": 0, "graph_ratio": 0.0, "schema_version": "4.4.0", "component": "smart_context", "ts": "2026-02-24T12:20:07.926525"}
{"event": "smart_context_init", "inject_enabled": true, "adaptive_enabled": true, "graph_enabled": false, "schema_version": "4.4.0", "component": "smart_context", "ts": "2026-02-24T12:20:41.164002"}
{"event": "inject", "reason": "technical_term", "retrieved": 5, "injected": 0, "ratio": 0.0, "threshold": 0.65, "max_items": 2, "schema_version": "4.4.0", "component": "smart_context", "ts": "2026-02-24T12:20:42.482103"}
{"event": "graph_inject", "reason": "technical_term", "graph_injected": 0, "graph_ratio": 0.0, "schema_version": "4.4.0", "component": "smart_context", "ts": "2026-02-24T12:20:42.482336"}
{"event": "smart_context_init", "inject_enabled": true, "adaptive_enabled": true, "graph_enabled": false, "schema_version": "4.4.0", "component": "smart_context", "ts": "2026-02-24T12:21:04.304166"}
{"event": "inject", "reason": "technical_term", "retrieved": 5, "injected": 0, "ratio": 0.0, "threshold": 0.65, "max_items": 2, "schema_version": "4.4.0", "component": "smart_context", "ts": "2026-02-24T12:21:05.658969"}
{"event": "graph_inject", "reason": "technical_term", "graph_injected": 0, "graph_ratio": 0.0, "schema_version": "4.4.0", "component": "smart_context", "ts": "2026-02-24T12:21:05.659176"}
{"event": "smart_context_init", "inject_enabled": true, "adaptive_enabled": true, "graph_enabled": false, "schema_version": "4.4.0", "component": "smart_context", "ts": "2026-02-24T12:21:58.881236"}
{"event": "smart_context_init", "inject_enabled": true, "adaptive_enabled": true, "graph_enabled": false, "schema_version": "4.4.0", "component": "smart_context", "ts": "2026-02-24T12:23:19.078907"}
{"event": "smart_context_init", "inject_enabled": true, "adaptive_enabled": true, "graph_enabled": false, "schema_version": "4.4.0", "component": "smart_context", "ts": "2026-02-24T12:24:29.140653"}
{"event": "smart_context_init", "inject_enabled": true, "adaptive_enabled": true, "graph_enabled": false, "schema_version": "4.4.0", "component": "smart_context", "ts": "2026-02-24T12:26:21.680373"}
{"event": "inject", "reason": "technical_term", "retrieved": 5, "injected": 0, "ratio": 0.0, "threshold": 0.65, "max_items": 2, "schema_version": "4.4.0", "component": "smart_context", "ts": "2026-02-24T12:26:24.035984"}
{"event": "graph_inject", "reason": "technical_term", "graph_injected": 0, "graph_ratio": 0.0, "schema_version": "4.4.0", "component": "smart_context", "ts": "2026-02-24T12:26:24.036149"}
{"event": "smart_context_init", "inject_enabled": true, "adaptive_enabled": true, "graph_enabled": false, "schema_version": "4.4.0", "component": "smart_context", "ts": "2026-02-24T12:27:19.438116"}
{"event": "inject", "reason": "technical_term", "retrieved": 5, "injected": 0, "ratio": 0.0, "threshold": 0.65, "max_items": 2, "schema_version": "4.4.0", "component": "smart_context", "ts": "2026-02-24T12:27:22.215474"}
{"event": "graph_inject", "reason": "technical_term", "graph_injected": 0, "graph_ratio": 0.0, "schema_version": "4.4.0", "component": "smart_context", "ts": "2026-02-24T12:27:22.216054"}
{"event": "smart_context_init", "inject_enabled": true, "adaptive_enabled": true, "graph_enabled": false, "schema_version": "4.4.0", "component": "smart_context", "ts": "2026-02-24T12:28:31.714544"}
{"event": "inject", "reason": "technical_term", "retrieved": 5, "injected": 0, "ratio": 0.0, "threshold": 0.65, "max_items": 2, "schema_version": "4.4.0", "component": "smart_context", "ts": "2026-02-24T12:28:33.165961"}
{"event": "graph_inject", "reason": "technical_term", "graph_injected": 0, "graph_ratio": 0.0, "schema_version": "4.4.0", "component": "smart_context", "ts": "2026-02-24T12:28:33.166192"}
{"event": "smart_context_init", "inject_enabled": true, "adaptive_enabled": true, "graph_enabled": false, "schema_version": "4.4.0", "component": "smart_context", "ts": "2026-02-24T12:29:25.629027"}
{"event": "inject", "reason": "technical_term", "retrieved": 5, "injected": 0, "ratio": 0.0, "threshold": 0.65, "max_items": 2, "schema_version": "4.4.0", "component": "smart_context", "ts": "2026-02-24T12:29:27.033005"}
{"event": "graph_inject", "reason": "technical_term", "graph_injected": 0, "graph_ratio": 0.0, "schema_version": "4.4.0", "component": "smart_context", "ts": "2026-02-24T12:29:27.033218"}
{"event": "smart_context_init", "inject_enabled": true, "adaptive_enabled": true, "graph_enabled": false, "schema_version": "4.4.0", "component": "smart_context", "ts": "2026-02-24T12:29:57.649578"}
{"event": "inject", "reason": "context_starved", "retrieved": 5, "injected": 0, "ratio": 0.0, "threshold": 0.56, "max_items": 1, "schema_version": "4.4.0", "component": "smart_context", "ts": "2026-02-24T12:30:06.835391"}
{"event": "graph_inject", "reason": "context_starved", "graph_injected": 0, "graph_ratio": 0.0, "schema_version": "4.4.0", "component": "smart_context", "ts": "2026-02-24T12:30:06.835817"}
{"event": "smart_context_init", "inject_enabled": true, "adaptive_enabled": true, "graph_enabled": false, "schema_version": "4.4.0", "component": "smart_context", "ts": "2026-02-24T12:30:33.628968"}
{"event": "inject", "reason": "question", "retrieved": 5, "injected": 0, "ratio": 0.0, "threshold": 0.65, "max_items": 2, "schema_version": "4.4.0", "component": "smart_context", "ts": "2026-02-24T12:30:36.082110"}
{"event": "graph_inject", "reason": "question", "graph_injected": 0, "graph_ratio": 0.0, "schema_version": "4.4.0", "component": "smart_context", "ts": "2026-02-24T12:30:36.082332"}
{"event": "smart_context_init", "inject_enabled": true, "adaptive_enabled": true, "graph_enabled": false, "schema_version": "4.4.0", "component": "smart_context", "ts": "2026-02-24T12:30:37.732123"}
{"event": "inject", "reason": "technical_term", "retrieved": 5, "injected": 0, "ratio": 0.0, "threshold": 0.65, "max_items": 2, "schema_version": "4.4.0", "component": "smart_context", "ts": "2026-02-24T12:30:40.949151"}
{"event": "graph_inject", "reason": "technical_term", "graph_injected": 0, "graph_ratio": 0.0, "schema_version": "4.4.0", "component": "smart_context", "ts": "2026-02-24T12:30:40.949593"}
{"event": "smart_context_init", "inject_enabled": true, "adaptive_enabled": true, "graph_enabled": false, "schema_version": "4.4.0", "component": "smart_context", "ts": "2026-02-24T12:31:08.527663"}
{"event": "inject", "reason": "question", "retrieved": 5, "injected": 0, "ratio": 0.0, "threshold": 0.65, "max_items": 2, "schema_version": "4.4.0", "component": "smart_context", "ts": "2026-02-24T12:31:09.932022"}
{"event": "graph_inject", "reason": "question", "graph_injected": 0, "graph_ratio": 0.0, "schema_version": "4.4.0", "component": "smart_context", "ts": "2026-02-24T12:31:09.932404"}
{"event": "smart_context_init", "inject_enabled": true, "adaptive_enabled": true, "graph_enabled": false, "schema_version": "4.4.0", "component": "smart_context", "ts": "2026-02-24T12:32:09.470386"}
{"event": "inject", "reason": "question", "retrieved": 5, "injected": 0, "ratio": 0.0, "threshold": 0.65, "max_items": 2, "schema_version": "4.4.0", "component": "smart_context", "ts": "2026-02-24T12:32:10.822059"}
{"event": "graph_inject", "reason": "question", "graph_injected": 0, "graph_ratio": 0.0, "schema_version": "4.4.0", "component": "smart_context", "ts": "2026-02-24T12:32:10.822225"}
{"event": "smart_context_init", "inject_enabled": true, "adaptive_enabled": true, "graph_enabled": false, "schema_version": "4.4.0", "component": "smart_context", "ts": "2026-02-24T12:33:32.843473"}
{"event": "inject", "reason": "technical_term", "retrieved": 5, "injected": 0, "ratio": 0.0, "threshold": 0.65, "max_items": 2, "schema_version": "4.4.0", "component": "smart_context", "ts": "2026-02-24T12:33:34.232992"}
{"event": "graph_inject", "reason": "technical_term", "graph_injected": 0, "graph_ratio": 0.0, "schema_version": "4.4.0", "component": "smart_context", "ts": "2026-02-24T12:33:34.233190"}
{"event": "smart_context_init", "inject_enabled": true, "adaptive_enabled": true, "graph_enabled": false, "schema_version": "4.4.0", "component": "smart_context", "ts": "2026-02-24T12:35:15.320482"}
{"event": "inject", "reason": "technical_term", "retrieved": 5, "injected": 0, "ratio": 0.0, "threshold": 0.65, "max_items": 2, "schema_version": "4.4.0", "component": "smart_context", "ts": "2026-02-24T12:35:17.231010"}
{"event": "graph_inject", "reason": "technical_term", "graph_injected": 0, "graph_ratio": 0.0, "schema_version": "4.4.0", "component": "smart_context", "ts": "2026-02-24T12:35:17.231210"}
{"event": "smart_context_init", "inject_enabled": true, "adaptive_enabled": true, "graph_enabled": false, "schema_version": "4.4.0", "component": "smart_context", "ts": "2026-02-24T12:36:15.331070"}
{"event": "inject", "reason": "technical_term", "retrieved": 5, "injected": 0, "ratio": 0.0, "threshold": 0.65, "max_items": 2, "schema_version": "4.4.0", "component": "smart_context", "ts": "2026-02-24T12:36:16.659835"}
{"event": "graph_inject", "reason": "technical_term", "graph_injected": 0, "graph_ratio": 0.0, "schema_version": "4.4.0", "component": "smart_context", "ts": "2026-02-24T12:36:16.659994"}
{"event": "smart_context_init", "inject_enabled": true, "adaptive_enabled": true, "graph_enabled": false, "schema_version": "4.4.0", "component": "smart_context", "ts": "2026-02-24T12:36:54.125068"}
{"event": "inject", "reason": "technical_term", "retrieved": 5, "injected": 0, "ratio": 0.0, "threshold": 0.65, "max_items": 2, "schema_version": "4.4.0", "component": "smart_context", "ts": "2026-02-24T12:36:55.463913"}
{"event": "graph_inject", "reason": "technical_term", "graph_injected": 0, "graph_ratio": 0.0, "schema_version": "4.4.0", "component": "smart_context", "ts": "2026-02-24T12:36:55.464089"}
{"event": "smart_context_init", "inject_enabled": true, "adaptive_enabled": true, "graph_enabled": false, "schema_version": "4.4.0", "component": "smart_context", "ts": "2026-02-24T12:37:34.253939"}
{"event": "inject", "reason": "technical_term", "retrieved": 5, "injected": 0, "ratio": 0.0, "threshold": 0.65, "max_items": 2, "schema_version": "4.4.0", "component": "smart_context", "ts": "2026-02-24T12:37:35.597992"}
{"event": "graph_inject", "reason": "technical_term", "graph_injected": 0, "graph_ratio": 0.0, "schema_version": "4.4.0", "component": "smart_context", "ts": "2026-02-24T12:37:35.598219"}
{"event": "smart_context_init", "inject_enabled": true, "adaptive_enabled": true, "graph_enabled": false, "schema_version": "4.4.0", "component": "smart_context", "ts": "2026-02-24T12:38:14.908107"}
{"event": "inject", "reason": "technical_term", "retrieved": 5, "injected": 0, "ratio": 0.0, "threshold": 0.65, "max_items": 2, "schema_version": "4.4.0", "component": "smart_context", "ts": "2026-02-24T12:38:16.309243"}
{"event": "graph_inject", "reason": "technical_term", "graph_injected": 0, "graph_ratio": 0.0, "schema_version": "4.4.0", "component": "smart_context", "ts": "2026-02-24T12:38:16.309403"}
{"event": "smart_context_init", "inject_enabled": true, "adaptive_enabled": true, "graph_enabled": false, "schema_version": "4.4.0", "component": "smart_context", "ts": "2026-02-24T12:38:43.308530"}
{"event": "smart_context_init", "inject_enabled": true, "adaptive_enabled": true, "graph_enabled": false, "schema_version": "4.4.0", "component": "smart_context", "ts": "2026-02-24T12:39:17.220083"}
{"event": "smart_context_init", "inject_enabled": true, "adaptive_enabled": true, "graph_enabled": false, "schema_version": "4.4.0", "component": "smart_context", "ts": "2026-02-24T12:40:30.689675"}
{"event": "smart_context_init", "inject_enabled": true, "adaptive_enabled": true, "graph_enabled": false, "schema_version": "4.4.0", "component": "smart_context", "ts": "2026-02-24T12:41:46.927036"}
{"event": "smart_context_init", "inject_enabled": true, "adaptive_enabled": true, "graph_enabled": false, "schema_version": "4.4.0", "component": "smart_context", "ts": "2026-02-24T12:42:29.963336"}
{"event": "inject", "reason": "technical_term", "retrieved": 5, "injected": 0, "ratio": 0.0, "threshold": 0.65, "max_items": 2, "schema_version": "4.4.0", "component": "smart_context", "ts": "2026-02-24T12:42:32.082209"}
{"event": "graph_inject", "reason": "technical_term", "graph_injected": 0, "graph_ratio": 0.0, "schema_version": "4.4.0", "component": "smart_context", "ts": "2026-02-24T12:42:32.082407"}
{"event": "smart_context_init", "inject_enabled": true, "adaptive_enabled": true, "graph_enabled": false, "schema_version": "4.4.0", "component": "smart_context", "ts": "2026-02-24T12:43:19.091269"}
{"event": "inject", "reason": "technical_term", "retrieved": 5, "injected": 0, "ratio": 0.0, "threshold": 0.65, "max_items": 2, "schema_version": "4.4.0", "component": "smart_context", "ts": "2026-02-24T12:43:20.706787"}
{"event": "graph_inject", "reason": "technical_term", "graph_injected": 0, "graph_ratio": 0.0, "schema_version": "4.4.0", "component": "smart_context", "ts": "2026-02-24T12:43:20.707545"}
{"event": "smart_context_init", "inject_enabled": true, "adaptive_enabled": true, "graph_enabled": false, "schema_version": "4.4.0", "component": "smart_context", "ts": "2026-02-24T12:44:01.036796"}
{"event": "inject", "reason": "technical_term", "retrieved": 5, "injected": 0, "ratio": 0.0, "threshold": 0.65, "max_items": 2, "schema_version": "4.4.0", "component": "smart_context", "ts": "2026-02-24T12:44:03.747969"}
{"event": "graph_inject", "reason": "technical_term", "graph_injected": 0, "graph_ratio": 0.0, "schema_version": "4.4.0", "component": "smart_context", "ts": "2026-02-24T12:44:03.748157"}
{"event": "smart_context_init", "inject_enabled": true, "adaptive_enabled": true, "graph_enabled": false, "schema_version": "4.4.0", "component": "smart_context", "ts": "2026-02-24T12:44:32.030824"}
{"event": "inject", "reason": "technical_term", "retrieved": 5, "injected": 0, "ratio": 0.0, "threshold": 0.65, "max_items": 2, "schema_version": "4.4.0", "component": "smart_context", "ts": "2026-02-24T12:44:33.375178"}
{"event": "graph_inject", "reason": "technical_term", "graph_injected": 0, "graph_ratio": 0.0, "schema_version": "4.4.0", "component": "smart_context", "ts": "2026-02-24T12:44:33.375337"}
{"event": "smart_context_init", "inject_enabled": true, "adaptive_enabled": true, "graph_enabled": false, "schema_version": "4.4.0", "component": "smart_context", "ts": "2026-02-24T12:45:01.098733"}
{"event": "inject", "reason": "technical_term", "retrieved": 5, "injected": 0, "ratio": 0.0, "threshold": 0.65, "max_items": 2, "schema_version": "4.4.0", "component": "smart_context", "ts": "2026-02-24T12:45:06.406112"}
{"event": "graph_inject", "reason": "technical_term", "graph_injected": 0, "graph_ratio": 0.0, "schema_version": "4.4.0", "component": "smart_context", "ts": "2026-02-24T12:45:06.406634"}
{"event": "smart_context_init", "inject_enabled": true, "adaptive_enabled": true, "graph_enabled": false, "schema_version": "4.4.0", "component": "smart_context", "ts": "2026-02-24T12:45:27.936175"}
{"event": "inject", "reason": "technical_term", "retrieved": 5, "injected": 0, "ratio": 0.0, "threshold": 0.65, "max_items": 2, "schema_version": "4.4.0", "component": "smart_context", "ts": "2026-02-24T12:45:30.107071"}
{"event": "graph_inject", "reason": "technical_term", "graph_injected": 0, "graph_ratio": 0.0, "schema_version": "4.4.0", "component": "smart_context", "ts": "2026-02-24T12:45:30.107306"}
{"event": "smart_context_init", "inject_enabled": true, "adaptive_enabled": true, "graph_enabled": false, "schema_version": "4.4.0", "component": "smart_context", "ts": "2026-02-24T12:45:35.330454"}
{"event": "inject", "reason": "question", "retrieved": 5, "injected": 0, "ratio": 0.0, "threshold": 0.65, "max_items": 2, "schema_version": "4.4.0", "component": "smart_context", "ts": "2026-02-24T12:45:37.013298"}
{"event": "graph_inject", "reason": "question", "graph_injected": 0, "graph_ratio": 0.0, "schema_version": "4.4.0", "component": "smart_context", "ts": "2026-02-24T12:45:37.013462"}
{"event": "smart_context_init", "inject_enabled": true, "adaptive_enabled": true, "graph_enabled": false, "schema_version": "4.4.0", "component": "smart_context", "ts": "2026-02-24T12:45:55.494287"}
{"event": "inject", "reason": "technical_term", "retrieved": 5, "injected": 0, "ratio": 0.0, "threshold": 0.65, "max_items": 2, "schema_version": "4.4.0", "component": "smart_context", "ts": "2026-02-24T12:45:56.833656"}
{"event": "graph_inject", "reason": "technical_term", "graph_injected": 0, "graph_ratio": 0.0, "schema_version": "4.4.0", "component": "smart_context", "ts": "2026-02-24T12:45:56.833880"}
{"event": "smart_context_init", "inject_enabled": true, "adaptive_enabled": true, "graph_enabled": false, "schema_version": "4.4.0", "component": "smart_context", "ts": "2026-02-24T12:46:19.053529"}
{"event": "inject", "reason": "question", "retrieved": 5, "injected": 0, "ratio": 0.0, "threshold": 0.65, "max_items": 2, "schema_version": "4.4.0", "component": "smart_context", "ts": "2026-02-24T12:46:20.399455"}
{"event": "graph_inject", "reason": "question", "graph_injected": 0, "graph_ratio": 0.0, "schema_version": "4.4.0", "component": "smart_context", "ts": "2026-02-24T12:46:20.399626"}
{"event": "smart_context_init", "inject_enabled": true, "adaptive_enabled": true, "graph_enabled": false, "schema_version": "4.4.0", "component": "smart_context", "ts": "2026-02-24T12:57:59.999881"}
{"event": "inject", "reason": "technical_term", "retrieved": 5, "injected": 0, "ratio": 0.0, "threshold": 0.65, "max_items": 2, "schema_version": "4.4.0", "component": "smart_context", "ts": "2026-02-24T12:58:02.490341"}
{"event": "graph_inject", "reason": "technical_term", "graph_injected": 0, "graph_ratio": 0.0, "schema_version": "4.4.0", "component": "smart_context", "ts": "2026-02-24T12:58:02.490568"}
{"event": "smart_context_init", "inject_enabled": true, "adaptive_enabled": true, "graph_enabled": false, "schema_version": "4.4.0", "component": "smart_context", "ts": "2026-02-24T13:00:32.358188"}
{"event": "inject", "reason": "question", "retrieved": 5, "injected": 0, "ratio": 0.0, "threshold": 0.65, "max_items": 2, "schema_version": "4.4.0", "component": "smart_context", "ts": "2026-02-24T13:00:35.268092"}
{"event": "graph_inject", "reason": "question", "graph_injected": 0, "graph_ratio": 0.0, "schema_version": "4.4.0", "component": "smart_context", "ts": "2026-02-24T13:00:35.268283"}
{"event": "smart_context_init", "inject_enabled": true, "adaptive_enabled": true, "graph_enabled": false, "schema_version": "4.4.0", "component": "smart_context", "ts": "2026-02-24T13:01:26.024923"}
{"event": "smart_context_init", "inject_enabled": true, "adaptive_enabled": true, "graph_enabled": false, "schema_version": "4.4.0", "component": "smart_context", "ts": "2026-02-24T13:01:50.392302"}
{"event": "inject", "reason": "question", "retrieved": 5, "injected": 0, "ratio": 0.0, "threshold": 0.65, "max_items": 2, "schema_version": "4.4.0", "component": "smart_context", "ts": "2026-02-24T13:01:51.700200"}
{"event": "graph_inject", "reason": "question", "graph_injected": 0, "graph_ratio": 0.0, "schema_version": "4.4.0", "component": "smart_context", "ts": "2026-02-24T13:01:51.700382"}
{"event": "smart_context_init", "inject_enabled": true, "adaptive_enabled": true, "graph_enabled": false, "schema_version": "4.4.0", "component": "smart_context", "ts": "2026-02-24T13:02:28.178781"}
{"event": "inject", "reason": "question", "retrieved": 5, "injected": 0, "ratio": 0.0, "threshold": 0.65, "max_items": 2, "schema_version": "4.4.0", "component": "smart_context", "ts": "2026-02-24T13:02:30.203115"}
{"event": "graph_inject", "reason": "question", "graph_injected": 0, "graph_ratio": 0.0, "schema_version": "4.4.0", "component": "smart_context", "ts": "2026-02-24T13:02:30.203311"}
{"event": "smart_context_init", "inject_enabled": true, "adaptive_enabled": true, "graph_enabled": false, "schema_version": "4.4.0", "component": "smart_context", "ts": "2026-02-24T13:03:53.586958"}
{"event": "smart_context_init", "inject_enabled": true, "adaptive_enabled": true, "graph_enabled": false, "schema_version": "4.4.0", "component": "smart_context", "ts": "2026-02-24T13:04:51.860215"}
{"event": "smart_context_init", "inject_enabled": true, "adaptive_enabled": true, "graph_enabled": false, "schema_version": "4.4.0", "component": "smart_context", "ts": "2026-02-24T13:05:36.905875"}
{"event": "smart_context_init", "inject_enabled": true, "adaptive_enabled": true, "graph_enabled": false, "schema_version": "4.4.0", "component": "smart_context", "ts": "2026-02-24T13:06:21.313445"}
{"event": "inject", "reason": "technical_term", "retrieved": 5, "injected": 0, "ratio": 0.0, "threshold": 0.65, "max_items": 2, "schema_version": "4.4.0", "component": "smart_context", "ts": "2026-02-24T13:06:23.563799"}
{"event": "graph_inject", "reason": "technical_term", "graph_injected": 0, "graph_ratio": 0.0, "schema_version": "4.4.0", "component": "smart_context", "ts": "2026-02-24T13:06:23.564227"}
{"event": "smart_context_init", "inject_enabled": true, "adaptive_enabled": true, "graph_enabled": false, "schema_version": "4.4.0", "component": "smart_context", "ts": "2026-02-24T13:06:59.484391"}
{"event": "inject", "reason": "technical_term", "retrieved": 5, "injected": 0, "ratio": 0.0, "threshold": 0.65, "max_items": 2, "schema_version": "4.4.0", "component": "smart_context", "ts": "2026-02-24T13:07:00.876784"}
{"event": "graph_inject", "reason": "technical_term", "graph_injected": 0, "graph_ratio": 0.0, "schema_version": "4.4.0", "component": "smart_context", "ts": "2026-02-24T13:07:00.877026"}
{"event": "smart_context_init", "inject_enabled": true, "adaptive_enabled": true, "graph_enabled": false, "schema_version": "4.4.0", "component": "smart_context", "ts": "2026-02-24T13:08:19.445366"}
{"event": "inject", "reason": "technical_term", "retrieved": 5, "injected": 0, "ratio": 0.0, "threshold": 0.65, "max_items": 2, "schema_version": "4.4.0", "component": "smart_context", "ts": "2026-02-24T13:08:21.186815"}
{"event": "graph_inject", "reason": "technical_term", "graph_injected": 0, "graph_ratio": 0.0, "schema_version": "4.4.0", "component": "smart_context", "ts": "2026-02-24T13:08:21.187011"}
{"event": "smart_context_init", "inject_enabled": true, "adaptive_enabled": true, "graph_enabled": false, "schema_version": "4.4.0", "component": "smart_context", "ts": "2026-02-24T13:09:34.172342"}
{"event": "inject", "reason": "technical_term", "retrieved": 5, "injected": 0, "ratio": 0.0, "threshold": 0.65, "max_items": 2, "schema_version": "4.4.0", "component": "smart_context", "ts": "2026-02-24T13:09:39.108374"}
{"event": "graph_inject", "reason": "technical_term", "graph_injected": 0, "graph_ratio": 0.0, "schema_version": "4.4.0", "component": "smart_context", "ts": "2026-02-24T13:09:39.108910"}
{"event": "smart_context_init", "inject_enabled": true, "adaptive_enabled": true, "graph_enabled": false, "schema_version": "4.4.0", "component": "smart_context", "ts": "2026-02-24T13:11:06.334025"}
{"event": "inject", "reason": "technical_term", "retrieved": 5, "injected": 0, "ratio": 0.0, "threshold": 0.65, "max_items": 2, "schema_version": "4.4.0", "component": "smart_context", "ts": "2026-02-24T13:11:09.390243"}
{"event": "graph_inject", "reason": "technical_term", "graph_injected": 0, "graph_ratio": 0.0, "schema_version": "4.4.0", "component": "smart_context", "ts": "2026-02-24T13:11:09.390457"}
{"event": "smart_context_init", "inject_enabled": true, "adaptive_enabled": true, "graph_enabled": false, "schema_version": "4.4.0", "component": "smart_context", "ts": "2026-02-24T13:11:48.719855"}
{"event": "inject", "reason": "technical_term", "retrieved": 5, "injected": 0, "ratio": 0.0, "threshold": 0.65, "max_items": 2, "schema_version": "4.4.0", "component": "smart_context", "ts": "2026-02-24T13:11:51.378954"}
{"event": "graph_inject", "reason": "technical_term", "graph_injected": 0, "graph_ratio": 0.0, "schema_version": "4.4.0", "component": "smart_context", "ts": "2026-02-24T13:11:51.379131"}
{"event": "smart_context_init", "inject_enabled": true, "adaptive_enabled": true, "graph_enabled": false, "schema_version": "4.4.0", "component": "smart_context", "ts": "2026-02-24T13:12:03.421194"}
{"event": "inject", "reason": "technical_term", "retrieved": 5, "injected": 0, "ratio": 0.0, "threshold": 0.65, "max_items": 2, "schema_version": "4.4.0", "component": "smart_context", "ts": "2026-02-24T13:12:08.729148"}
{"event": "graph_inject", "reason": "technical_term", "graph_injected": 0, "graph_ratio": 0.0, "schema_version": "4.4.0", "component": "smart_context", "ts": "2026-02-24T13:12:08.729316"}
{"event": "smart_context_init", "inject_enabled": true, "adaptive_enabled": true, "graph_enabled": false, "schema_version": "4.4.0", "component": "smart_context", "ts": "2026-02-24T13:15:30.243228"}
{"event": "inject", "reason": "technical_term", "retrieved": 5, "injected": 0, "ratio": 0.0, "threshold": 0.65, "max_items": 2, "schema_version": "4.4.0", "component": "smart_context", "ts": "2026-02-24T13:15:32.565196"}
{"event": "graph_inject", "reason": "technical_term", "graph_injected": 0, "graph_ratio": 0.0, "schema_version": "4.4.0", "component": "smart_context", "ts": "2026-02-24T13:15:32.565716"}
{"event": "smart_context_init", "inject_enabled": true, "adaptive_enabled": true, "graph_enabled": false, "schema_version": "4.4.0", "component": "smart_context", "ts": "2026-02-24T13:18:24.588131"}
{"event": "inject", "reason": "technical_term", "retrieved": 5, "injected": 0, "ratio": 0.0, "threshold": 0.65, "max_items": 2, "schema_version": "4.4.0", "component": "smart_context", "ts": "2026-02-24T13:18:26.200210"}
{"event": "graph_inject", "reason": "technical_term", "graph_injected": 0, "graph_ratio": 0.0, "schema_version": "4.4.0", "component": "smart_context", "ts": "2026-02-24T13:18:26.200426"}
{"event": "smart_context_init", "inject_enabled": true, "adaptive_enabled": true, "graph_enabled": false, "schema_version": "4.4.0", "component": "smart_context", "ts": "2026-02-24T13:18:49.465967"}
{"event": "smart_context_init", "inject_enabled": true, "adaptive_enabled": true, "graph_enabled": false, "schema_version": "4.4.0", "component": "smart_context", "ts": "2026-02-24T13:19:53.251889"}
{"event": "inject", "reason": "question", "retrieved": 5, "injected": 0, "ratio": 0.0, "threshold": 0.65, "max_items": 2, "schema_version": "4.4.0", "component": "smart_context", "ts": "2026-02-24T13:19:56.409163"}
{"event": "graph_inject", "reason": "question", "graph_injected": 0, "graph_ratio": 0.0, "schema_version": "4.4.0", "component": "smart_context", "ts": "2026-02-24T13:19:56.409413"}
{"event": "smart_context_init", "inject_enabled": true, "adaptive_enabled": true, "graph_enabled": false, "schema_version": "4.4.0", "component": "smart_context", "ts": "2026-02-24T13:22:40.909401"}
{"event": "inject", "reason": "technical_term", "retrieved": 5, "injected": 0, "ratio": 0.0, "threshold": 0.65, "max_items": 2, "schema_version": "4.4.0", "component": "smart_context", "ts": "2026-02-24T13:22:42.684182"}
{"event": "graph_inject", "reason": "technical_term", "graph_injected": 0, "graph_ratio": 0.0, "schema_version": "4.4.0", "component": "smart_context", "ts": "2026-02-24T13:22:42.684384"}
{"event": "smart_context_init", "inject_enabled": true, "adaptive_enabled": true, "graph_enabled": false, "schema_version": "4.4.0", "component": "smart_context", "ts": "2026-02-24T13:24:05.658560"}
{"event": "inject", "reason": "technical_term", "retrieved": 5, "injected": 0, "ratio": 0.0, "threshold": 0.65, "max_items": 2, "schema_version": "4.4.0", "component": "smart_context", "ts": "2026-02-24T13:24:07.000145"}
{"event": "graph_inject", "reason": "technical_term", "graph_injected": 0, "graph_ratio": 0.0, "schema_version": "4.4.0", "component": "smart_context", "ts": "2026-02-24T13:24:07.000420"}
{"event": "smart_context_init", "inject_enabled": true, "adaptive_enabled": true, "graph_enabled": false, "schema_version": "4.4.0", "component": "smart_context", "ts": "2026-02-24T13:25:25.651413"}
{"event": "inject", "reason": "technical_term", "retrieved": 5, "injected": 0, "ratio": 0.0, "threshold": 0.65, "max_items": 2, "schema_version": "4.4.0", "component": "smart_context", "ts": "2026-02-24T13:25:27.383280"}
{"event": "graph_inject", "reason": "technical_term", "graph_injected": 0, "graph_ratio": 0.0, "schema_version": "4.4.0", "component": "smart_context", "ts": "2026-02-24T13:25:27.383466"}
{"event": "smart_context_init", "inject_enabled": true, "adaptive_enabled": true, "graph_enabled": false, "schema_version": "4.4.0", "component": "smart_context", "ts": "2026-02-24T13:26:00.202292"}
{"event": "inject", "reason": "technical_term", "retrieved": 5, "injected": 0, "ratio": 0.0, "threshold": 0.65, "max_items": 2, "schema_version": "4.4.0", "component": "smart_context", "ts": "2026-02-24T13:26:02.120874"}
{"event": "graph_inject", "reason": "technical_term", "graph_injected": 0, "graph_ratio": 0.0, "schema_version": "4.4.0", "component": "smart_context", "ts": "2026-02-24T13:26:02.123129"}
{"event": "smart_context_init", "inject_enabled": true, "adaptive_enabled": true, "graph_enabled": false, "schema_version": "4.4.0", "component": "smart_context", "ts": "2026-02-24T13:26:32.661271"}
{"event": "inject", "reason": "technical_term", "retrieved": 5, "injected": 0, "ratio": 0.0, "threshold": 0.65, "max_items": 2, "schema_version": "4.4.0", "component": "smart_context", "ts": "2026-02-24T13:26:34.006122"}
{"event": "graph_inject", "reason": "technical_term", "graph_injected": 0, "graph_ratio": 0.0, "schema_version": "4.4.0", "component": "smart_context", "ts": "2026-02-24T13:26:34.006394"}
{"event": "smart_context_init", "inject_enabled": true, "adaptive_enabled": true, "graph_enabled": false, "schema_version": "4.4.0", "component": "smart_context", "ts": "2026-02-24T13:27:25.543684"}
{"event": "inject", "reason": "technical_term", "retrieved": 5, "injected": 0, "ratio": 0.0, "threshold": 0.65, "max_items": 2, "schema_version": "4.4.0", "component": "smart_context", "ts": "2026-02-24T13:27:26.921253"}
{"event": "graph_inject", "reason": "technical_term", "graph_injected": 0, "graph_ratio": 0.0, "schema_version": "4.4.0", "component": "smart_context", "ts": "2026-02-24T13:27:26.921454"}
{"event": "smart_context_init", "inject_enabled": true, "adaptive_enabled": true, "graph_enabled": false, "schema_version": "4.4.0", "component": "smart_context", "ts": "2026-02-24T13:27:54.072839"}
{"event": "inject", "reason": "technical_term", "retrieved": 5, "injected": 0, "ratio": 0.0, "threshold": 0.65, "max_items": 2, "schema_version": "4.4.0", "component": "smart_context", "ts": "2026-02-24T13:27:55.397348"}
{"event": "graph_inject", "reason": "technical_term", "graph_injected": 0, "graph_ratio": 0.0, "schema_version": "4.4.0", "component": "smart_context", "ts": "2026-02-24T13:27:55.397531"}
{"event": "smart_context_init", "inject_enabled": true, "adaptive_enabled": true, "graph_enabled": false, "schema_version": "4.4.0", "component": "smart_context", "ts": "2026-02-24T13:28:19.321933"}
{"event": "inject", "reason": "technical_term", "retrieved": 5, "injected": 0, "ratio": 0.0, "threshold": 0.65, "max_items": 2, "schema_version": "4.4.0", "component": "smart_context", "ts": "2026-02-24T13:28:20.625245"}
{"event": "graph_inject", "reason": "technical_term", "graph_injected": 0, "graph_ratio": 0.0, "schema_version": "4.4.0", "component": "smart_context", "ts": "2026-02-24T13:28:20.625409"}
{"event": "smart_context_init", "inject_enabled": true, "adaptive_enabled": true, "graph_enabled": false, "schema_version": "4.4.0", "component": "smart_context", "ts": "2026-02-24T13:28:43.429965"}
{"event": "inject", "reason": "technical_term", "retrieved": 5, "injected": 0, "ratio": 0.0, "threshold": 0.65, "max_items": 2, "schema_version": "4.4.0", "component": "smart_context", "ts": "2026-02-24T13:28:44.733892"}
{"event": "graph_inject", "reason": "technical_term", "graph_injected": 0, "graph_ratio": 0.0, "schema_version": "4.4.0", "component": "smart_context", "ts": "2026-02-24T13:28:44.734083"}
{"event": "smart_context_init", "inject_enabled": true, "adaptive_enabled": true, "graph_enabled": false, "schema_version": "4.4.0", "component": "smart_context", "ts": "2026-02-24T13:29:06.369837"}
{"event": "inject", "reason": "technical_term", "retrieved": 5, "injected": 0, "ratio": 0.0, "threshold": 0.65, "max_items": 2, "schema_version": "4.4.0", "component": "smart_context", "ts": "2026-02-24T13:29:07.677582"}
{"event": "graph_inject", "reason": "technical_term", "graph_injected": 0, "graph_ratio": 0.0, "schema_version": "4.4.0", "component": "smart_context", "ts": "2026-02-24T13:29:07.677748"}
{"event": "smart_context_init", "inject_enabled": true, "adaptive_enabled": true, "graph_enabled": false, "schema_version": "4.4.0", "component": "smart_context", "ts": "2026-02-24T13:29:31.046433"}
{"event": "inject", "reason": "context_starved", "retrieved": 5, "injected": 0, "ratio": 0.0, "threshold": 0.56, "max_items": 1, "schema_version": "4.4.0", "component": "smart_context", "ts": "2026-02-24T13:29:32.374079"}
{"event": "graph_inject", "reason": "context_starved", "graph_injected": 0, "graph_ratio": 0.0, "schema_version": "4.4.0", "component": "smart_context", "ts": "2026-02-24T13:29:32.374401"}
{"event": "smart_context_init", "inject_enabled": true, "adaptive_enabled": true, "graph_enabled": false, "schema_version": "4.4.0", "component": "smart_context", "ts": "2026-02-24T13:30:31.512599"}
{"event": "inject", "reason": "context_starved", "retrieved": 5, "injected": 0, "ratio": 0.0, "threshold": 0.56, "max_items": 1, "schema_version": "4.4.0", "component": "smart_context", "ts": "2026-02-24T13:30:34.449894"}
{"event": "graph_inject", "reason": "context_starved", "graph_injected": 0, "graph_ratio": 0.0, "schema_version": "4.4.0", "component": "smart_context", "ts": "2026-02-24T13:30:34.450077"}
{"event": "smart_context_init", "inject_enabled": true, "adaptive_enabled": true, "graph_enabled": false, "schema_version": "4.4.0", "component": "smart_context", "ts": "2026-02-24T13:30:51.706293"}
{"event": "smart_context_init", "inject_enabled": true, "adaptive_enabled": true, "graph_enabled": false, "schema_version": "4.4.0", "component": "smart_context", "ts": "2026-02-24T13:31:29.675650"}
{"event": "smart_context_init", "inject_enabled": true, "adaptive_enabled": true, "graph_enabled": false, "schema_version": "4.4.0", "component": "smart_context", "ts": "2026-02-24T13:31:30.249723"}
{"event": "smart_context_init", "inject_enabled": true, "adaptive_enabled": true, "graph_enabled": false, "schema_version": "4.4.0", "component": "smart_context", "ts": "2026-02-24T13:32:00.002092"}
{"event": "inject", "reason": "technical_term", "retrieved": 5, "injected": 0, "ratio": 0.0, "threshold": 0.65, "max_items": 2, "schema_version": "4.4.0", "component": "smart_context", "ts": "2026-02-24T13:32:01.908604"}
{"event": "graph_inject", "reason": "technical_term", "graph_injected": 0, "graph_ratio": 0.0, "schema_version": "4.4.0", "component": "smart_context", "ts": "2026-02-24T13:32:01.908792"}
{"event": "smart_context_init", "inject_enabled": true, "adaptive_enabled": true, "graph_enabled": false, "schema_version": "4.4.0", "component": "smart_context", "ts": "2026-02-24T13:32:44.381095"}
{"event": "inject", "reason": "question", "retrieved": 5, "injected": 0, "ratio": 0.0, "threshold": 0.65, "max_items": 2, "schema_version": "4.4.0", "component": "smart_context", "ts": "2026-02-24T13:32:45.709329"}
{"event": "graph_inject", "reason": "question", "graph_injected": 0, "graph_ratio": 0.0, "schema_version": "4.4.0", "component": "smart_context", "ts": "2026-02-24T13:32:45.709492"}
{"event": "smart_context_init", "inject_enabled": true, "adaptive_enabled": true, "graph_enabled": false, "schema_version": "4.4.0", "component": "smart_context", "ts": "2026-02-24T13:33:17.459811"}
{"event": "inject", "reason": "technical_term", "retrieved": 5, "injected": 0, "ratio": 0.0, "threshold": 0.65, "max_items": 2, "schema_version": "4.4.0", "component": "smart_context", "ts": "2026-02-24T13:33:18.795346"}
{"event": "graph_inject", "reason": "technical_term", "graph_injected": 0, "graph_ratio": 0.0, "schema_version": "4.4.0", "component": "smart_context", "ts": "2026-02-24T13:33:18.795497"}
{"event": "smart_context_init", "inject_enabled": true, "adaptive_enabled": true, "graph_enabled": false, "schema_version": "4.4.0", "component": "smart_context", "ts": "2026-02-24T13:33:48.894928"}
{"event": "inject", "reason": "technical_term", "retrieved": 5, "injected": 0, "ratio": 0.0, "threshold": 0.65, "max_items": 2, "schema_version": "4.4.0", "component": "smart_context", "ts": "2026-02-24T13:33:50.470152"}
{"event": "graph_inject", "reason": "technical_term", "graph_injected": 0, "graph_ratio": 0.0, "schema_version": "4.4.0", "component": "smart_context", "ts": "2026-02-24T13:33:50.470308"}
{"event": "smart_context_init", "inject_enabled": true, "adaptive_enabled": true, "graph_enabled": false, "schema_version": "4.4.0", "component": "smart_context", "ts": "2026-02-24T13:34:22.997348"}
{"event": "inject", "reason": "technical_term", "retrieved": 5, "injected": 0, "ratio": 0.0, "threshold": 0.65, "max_items": 2, "schema_version": "4.4.0", "component": "smart_context", "ts": "2026-02-24T13:34:24.318802"}
{"event": "graph_inject", "reason": "technical_term", "graph_injected": 0, "graph_ratio": 0.0, "schema_version": "4.4.0", "component": "smart_context", "ts": "2026-02-24T13:34:24.318954"}
{"event": "smart_context_init", "inject_enabled": true, "adaptive_enabled": true, "graph_enabled": false, "schema_version": "4.4.0", "component": "smart_context", "ts": "2026-02-24T13:43:17.436773"}
{"event": "inject", "reason": "technical_term", "retrieved": 5, "injected": 0, "ratio": 0.0, "threshold": 0.65, "max_items": 2, "schema_version": "4.4.0", "component": "smart_context", "ts": "2026-02-24T13:43:18.762543"}
{"event": "graph_inject", "reason": "technical_term", "graph_injected": 0, "graph_ratio": 0.0, "schema_version": "4.4.0", "component": "smart_context", "ts": "2026-02-24T13:43:18.762728"}
{"event": "smart_context_init", "inject_enabled": true, "adaptive_enabled": true, "graph_enabled": false, "schema_version": "4.4.0", "component": "smart_context", "ts": "2026-02-24T13:45:25.795366"}
{"event": "smart_context_init", "inject_enabled": true, "adaptive_enabled": true, "graph_enabled": false, "schema_version": "4.4.0", "component": "smart_context", "ts": "2026-02-24T13:45:26.531943"}
{"event": "inject", "reason": "technical_term", "retrieved": 5, "injected": 0, "ratio": 0.0, "threshold": 0.65, "max_items": 2, "schema_version": "4.4.0", "component": "smart_context", "ts": "2026-02-24T13:45:28.547434"}
{"event": "graph_inject", "reason": "technical_term", "graph_injected": 0, "graph_ratio": 0.0, "schema_version": "4.4.0", "component": "smart_context", "ts": "2026-02-24T13:45:28.547676"}
{"event": "inject", "reason": "technical_term", "retrieved": 5, "injected": 0, "ratio": 0.0, "threshold": 0.65, "max_items": 2, "schema_version": "4.4.0", "component": "smart_context", "ts": "2026-02-24T13:45:28.817956"}
{"event": "graph_inject", "reason": "technical_term", "graph_injected": 0, "graph_ratio": 0.0, "schema_version": "4.4.0", "component": "smart_context", "ts": "2026-02-24T13:45:28.818166"}
{"event": "smart_context_init", "inject_enabled": true, "adaptive_enabled": true, "graph_enabled": false, "schema_version": "4.4.0", "component": "smart_context", "ts": "2026-02-24T13:45:55.445509"}
{"event": "inject", "reason": "technical_term", "retrieved": 5, "injected": 0, "ratio": 0.0, "threshold": 0.65, "max_items": 2, "schema_version": "4.4.0", "component": "smart_context", "ts": "2026-02-24T13:45:56.641902"}
{"event": "graph_inject", "reason": "technical_term", "graph_injected": 0, "graph_ratio": 0.0, "schema_version": "4.4.0", "component": "smart_context", "ts": "2026-02-24T13:45:56.642068"}
{"event": "smart_context_init", "inject_enabled": true, "adaptive_enabled": true, "graph_enabled": false, "schema_version": "4.4.0", "component": "smart_context", "ts": "2026-02-24T13:47:26.781185"}
{"event": "inject", "reason": "technical_term", "retrieved": 5, "injected": 0, "ratio": 0.0, "threshold": 0.65, "max_items": 2, "schema_version": "4.4.0", "component": "smart_context", "ts": "2026-02-24T13:47:27.942783"}
{"event": "graph_inject", "reason": "technical_term", "graph_injected": 0, "graph_ratio": 0.0, "schema_version": "4.4.0", "component": "smart_context", "ts": "2026-02-24T13:47:27.942945"}
{"event": "smart_context_init", "inject_enabled": true, "adaptive_enabled": true, "graph_enabled": false, "schema_version": "4.4.0", "component": "smart_context", "ts": "2026-02-24T13:52:11.695121"}
{"event": "inject", "reason": "technical_term", "retrieved": 5, "injected": 0, "ratio": 0.0, "threshold": 0.65, "max_items": 2, "schema_version": "4.4.0", "component": "smart_context", "ts": "2026-02-24T13:52:14.091544"}
{"event": "graph_inject", "reason": "technical_term", "graph_injected": 0, "graph_ratio": 0.0, "schema_version": "4.4.0", "component": "smart_context", "ts": "2026-02-24T13:52:14.091778"}
{"event": "smart_context_init", "inject_enabled": true, "adaptive_enabled": true, "graph_enabled": false, "schema_version": "4.4.0", "component": "smart_context", "ts": "2026-02-24T13:53:25.874485"}
{"event": "inject", "reason": "technical_term", "retrieved": 5, "injected": 0, "ratio": 0.0, "threshold": 0.65, "max_items": 2, "schema_version": "4.4.0", "component": "smart_context", "ts": "2026-02-24T13:53:27.303449"}
{"event": "graph_inject", "reason": "technical_term", "graph_injected": 0, "graph_ratio": 0.0, "schema_version": "4.4.0", "component": "smart_context", "ts": "2026-02-24T13:53:27.303680"}
{"event": "smart_context_init", "inject_enabled": true, "adaptive_enabled": true, "graph_enabled": false, "schema_version": "4.4.0", "component": "smart_context", "ts": "2026-02-24T13:54:24.081550"}
{"event": "inject", "reason": "technical_term", "retrieved": 5, "injected": 0, "ratio": 0.0, "threshold": 0.65, "max_items": 2, "schema_version": "4.4.0", "component": "smart_context", "ts": "2026-02-24T13:54:25.304477"}
{"event": "graph_inject", "reason": "technical_term", "graph_injected": 0, "graph_ratio": 0.0, "schema_version": "4.4.0", "component": "smart_context", "ts": "2026-02-24T13:54:25.304833"}
{"event": "smart_context_init", "inject_enabled": true, "adaptive_enabled": true, "graph_enabled": false, "schema_version": "4.4.0", "component": "smart_context", "ts": "2026-02-24T13:55:18.622881"}
{"event": "inject", "reason": "technical_term", "retrieved": 5, "injected": 0, "ratio": 0.0, "threshold": 0.65, "max_items": 2, "schema_version": "4.4.0", "component": "smart_context", "ts": "2026-02-24T13:55:20.216944"}
{"event": "graph_inject", "reason": "technical_term", "graph_injected": 0, "graph_ratio": 0.0, "schema_version": "4.4.0", "component": "smart_context", "ts": "2026-02-24T13:55:20.217140"}
{"event": "smart_context_init", "inject_enabled": true, "adaptive_enabled": true, "graph_enabled": false, "schema_version": "4.4.0", "component": "smart_context", "ts": "2026-02-24T13:56:34.508618"}
{"event": "inject", "reason": "technical_term", "retrieved": 5, "injected": 0, "ratio": 0.0, "threshold": 0.65, "max_items": 2, "schema_version": "4.4.0", "component": "smart_context", "ts": "2026-02-24T13:56:37.617950"}
{"event": "graph_inject", "reason": "technical_term", "graph_injected": 0, "graph_ratio": 0.0, "schema_version": "4.4.0", "component": "smart_context", "ts": "2026-02-24T13:56:37.618209"}
{"event": "smart_context_init", "inject_enabled": true, "adaptive_enabled": true, "graph_enabled": false, "schema_version": "4.4.0", "component": "smart_context", "ts": "2026-02-24T13:56:57.835258"}
{"event": "inject", "reason": "question", "retrieved": 5, "injected": 0, "ratio": 0.0, "threshold": 0.65, "max_items": 2, "schema_version": "4.4.0", "component": "smart_context", "ts": "2026-02-24T13:56:59.777290"}
{"event": "graph_inject", "reason": "question", "graph_injected": 0, "graph_ratio": 0.0, "schema_version": "4.4.0", "component": "smart_context", "ts": "2026-02-24T13:56:59.777462"}
{"event": "smart_context_init", "inject_enabled": true, "adaptive_enabled": true, "graph_enabled": false, "schema_version": "4.4.0", "component": "smart_context", "ts": "2026-02-24T13:59:14.897077"}
{"event": "inject", "reason": "question", "retrieved": 5, "injected": 0, "ratio": 0.0, "threshold": 0.65, "max_items": 2, "schema_version": "4.4.0", "component": "smart_context", "ts": "2026-02-24T13:59:17.248337"}
{"event": "graph_inject", "reason": "question", "graph_injected": 0, "graph_ratio": 0.0, "schema_version": "4.4.0", "component": "smart_context", "ts": "2026-02-24T13:59:17.248537"}
{"event": "smart_context_init", "inject_enabled": true, "adaptive_enabled": true, "graph_enabled": false, "schema_version": "4.4.0", "component": "smart_context", "ts": "2026-02-24T14:00:31.117558"}
{"event": "inject", "reason": "question", "retrieved": 5, "injected": 0, "ratio": 0.0, "threshold": 0.65, "max_items": 2, "schema_version": "4.4.0", "component": "smart_context", "ts": "2026-02-24T14:00:34.525601"}
{"event": "graph_inject", "reason": "question", "graph_injected": 0, "graph_ratio": 0.0, "schema_version": "4.4.0", "component": "smart_context", "ts": "2026-02-24T14:00:34.525863"}
{"event": "smart_context_init", "inject_enabled": true, "adaptive_enabled": true, "graph_enabled": false, "schema_version": "4.4.0", "component": "smart_context", "ts": "2026-02-24T14:06:13.027786"}
{"event": "inject", "reason": "technical_term", "retrieved": 5, "injected": 0, "ratio": 0.0, "threshold": 0.65, "max_items": 2, "schema_version": "4.4.0", "component": "smart_context", "ts": "2026-02-24T14:06:14.202552"}
{"event": "graph_inject", "reason": "technical_term", "graph_injected": 0, "graph_ratio": 0.0, "schema_version": "4.4.0", "component": "smart_context", "ts": "2026-02-24T14:06:14.202729"}
{"event": "smart_context_init", "inject_enabled": true, "adaptive_enabled": true, "graph_enabled": false, "schema_version": "4.4.0", "component": "smart_context", "ts": "2026-02-24T14:07:21.243433"}
{"event": "inject", "reason": "technical_term", "retrieved": 5, "injected": 0, "ratio": 0.0, "threshold": 0.65, "max_items": 2, "schema_version": "4.4.0", "component": "smart_context", "ts": "2026-02-24T14:07:22.464639"}
{"event": "graph_inject", "reason": "technical_term", "graph_injected": 0, "graph_ratio": 0.0, "schema_version": "4.4.0", "component": "smart_context", "ts": "2026-02-24T14:07:22.464793"}
{"event": "smart_context_init", "inject_enabled": true, "adaptive_enabled": true, "graph_enabled": false, "schema_version": "4.4.0", "component": "smart_context", "ts": "2026-02-24T14:15:38.297729"}
{"event": "smart_context_init", "inject_enabled": true, "adaptive_enabled": true, "graph_enabled": false, "schema_version": "4.4.0", "component": "smart_context", "ts": "2026-02-24T14:16:25.694120"}
{"event": "smart_context_init", "inject_enabled": true, "adaptive_enabled": true, "graph_enabled": false, "schema_version": "4.4.0", "component": "smart_context", "ts": "2026-02-24T14:17:29.009755"}
{"event": "inject", "reason": "technical_term", "retrieved": 5, "injected": 0, "ratio": 0.0, "threshold": 0.65, "max_items": 2, "schema_version": "4.4.0", "component": "smart_context", "ts": "2026-02-24T14:17:31.232458"}
{"event": "graph_inject", "reason": "technical_term", "graph_injected": 0, "graph_ratio": 0.0, "schema_version": "4.4.0", "component": "smart_context", "ts": "2026-02-24T14:17:31.232604"}
{"event": "smart_context_init", "inject_enabled": true, "adaptive_enabled": true, "graph_enabled": false, "schema_version": "4.4.0", "component": "smart_context", "ts": "2026-02-24T14:21:44.349161"}
{"event": "inject", "reason": "technical_term", "retrieved": 5, "injected": 0, "ratio": 0.0, "threshold": 0.65, "max_items": 2, "schema_version": "4.4.0", "component": "smart_context", "ts": "2026-02-24T14:21:46.506934"}
{"event": "graph_inject", "reason": "technical_term", "graph_injected": 0, "graph_ratio": 0.0, "schema_version": "4.4.0", "component": "smart_context", "ts": "2026-02-24T14:21:46.507121"}
{"event": "smart_context_init", "inject_enabled": true, "adaptive_enabled": true, "graph_enabled": false, "schema_version": "4.4.0", "component": "smart_context", "ts": "2026-02-24T14:21:50.003470"}
{"event": "inject", "reason": "technical_term", "retrieved": 5, "injected": 0, "ratio": 0.0, "threshold": 0.65, "max_items": 2, "schema_version": "4.4.0", "component": "smart_context", "ts": "2026-02-24T14:21:51.796072"}
{"event": "graph_inject", "reason": "technical_term", "graph_injected": 0, "graph_ratio": 0.0, "schema_version": "4.4.0", "component": "smart_context", "ts": "2026-02-24T14:21:51.796254"}
{"event": "smart_context_init", "inject_enabled": true, "adaptive_enabled": true, "graph_enabled": false, "schema_version": "4.4.0", "component": "smart_context", "ts": "2026-02-24T14:22:44.028518"}
{"event": "inject", "reason": "technical_term", "retrieved": 5, "injected": 0, "ratio": 0.0, "threshold": 0.65, "max_items": 2, "schema_version": "4.4.0", "component": "smart_context", "ts": "2026-02-24T14:22:45.563134"}
{"event": "graph_inject", "reason": "technical_term", "graph_injected": 0, "graph_ratio": 0.0, "schema_version": "4.4.0", "component": "smart_context", "ts": "2026-02-24T14:22:45.563379"}
{"event": "smart_context_init", "inject_enabled": true, "adaptive_enabled": true, "graph_enabled": false, "schema_version": "4.4.0", "component": "smart_context", "ts": "2026-02-24T14:23:10.641545"}
{"event": "inject", "reason": "technical_term", "retrieved": 5, "injected": 0, "ratio": 0.0, "threshold": 0.65, "max_items": 2, "schema_version": "4.4.0", "component": "smart_context", "ts": "2026-02-24T14:23:12.118546"}
{"event": "graph_inject", "reason": "technical_term", "graph_injected": 0, "graph_ratio": 0.0, "schema_version": "4.4.0", "component": "smart_context", "ts": "2026-02-24T14:23:12.118758"}
{"event": "smart_context_init", "inject_enabled": true, "adaptive_enabled": true, "graph_enabled": false, "schema_version": "4.4.0", "component": "smart_context", "ts": "2026-02-24T14:24:56.270100"}
{"event": "inject", "reason": "technical_term", "retrieved": 5, "injected": 0, "ratio": 0.0, "threshold": 0.65, "max_items": 2, "schema_version": "4.4.0", "component": "smart_context", "ts": "2026-02-24T14:24:57.663272"}
{"event": "graph_inject", "reason": "technical_term", "graph_injected": 0, "graph_ratio": 0.0, "schema_version": "4.4.0", "component": "smart_context", "ts": "2026-02-24T14:24:57.663737"}
{"event": "smart_context_init", "inject_enabled": true, "adaptive_enabled": true, "graph_enabled": false, "schema_version": "4.4.0", "component": "smart_context", "ts": "2026-02-24T14:25:38.932974"}
{"event": "inject", "reason": "question", "retrieved": 5, "injected": 0, "ratio": 0.0, "threshold": 0.65, "max_items": 2, "schema_version": "4.4.0", "component": "smart_context", "ts": "2026-02-24T14:25:40.594266"}
{"event": "graph_inject", "reason": "question", "graph_injected": 0, "graph_ratio": 0.0, "schema_version": "4.4.0", "component": "smart_context", "ts": "2026-02-24T14:25:40.594438"}
{"event": "smart_context_init", "inject_enabled": true, "adaptive_enabled": true, "graph_enabled": false, "schema_version": "4.4.0", "component": "smart_context", "ts": "2026-02-24T14:26:10.825756"}
{"event": "inject", "reason": "technical_term", "retrieved": 5, "injected": 0, "ratio": 0.0, "threshold": 0.65, "max_items": 2, "schema_version": "4.4.0", "component": "smart_context", "ts": "2026-02-24T14:26:12.246239"}
{"event": "graph_inject", "reason": "technical_term", "graph_injected": 0, "graph_ratio": 0.0, "schema_version": "4.4.0", "component": "smart_context", "ts": "2026-02-24T14:26:12.246519"}
{"event": "smart_context_init", "inject_enabled": true, "adaptive_enabled": true, "graph_enabled": false, "schema_version": "4.4.0", "component": "smart_context", "ts": "2026-02-24T14:26:41.648181"}
{"event": "inject", "reason": "technical_term", "retrieved": 5, "injected": 0, "ratio": 0.0, "threshold": 0.65, "max_items": 2, "schema_version": "4.4.0", "component": "smart_context", "ts": "2026-02-24T14:26:42.997371"}
{"event": "graph_inject", "reason": "technical_term", "graph_injected": 0, "graph_ratio": 0.0, "schema_version": "4.4.0", "component": "smart_context", "ts": "2026-02-24T14:26:42.997678"}
{"event": "smart_context_init", "inject_enabled": true, "adaptive_enabled": true, "graph_enabled": false, "schema_version": "4.4.0", "component": "smart_context", "ts": "2026-02-24T14:27:10.593024"}
{"event": "inject", "reason": "question", "retrieved": 5, "injected": 0, "ratio": 0.0, "threshold": 0.65, "max_items": 2, "schema_version": "4.4.0", "component": "smart_context", "ts": "2026-02-24T14:27:12.128986"}
{"event": "graph_inject", "reason": "question", "graph_injected": 0, "graph_ratio": 0.0, "schema_version": "4.4.0", "component": "smart_context", "ts": "2026-02-24T14:27:12.129167"}
{"event": "smart_context_init", "inject_enabled": true, "adaptive_enabled": true, "graph_enabled": false, "schema_version": "4.4.0", "component": "smart_context", "ts": "2026-02-24T14:28:32.443416"}
{"event": "inject", "reason": "question", "retrieved": 5, "injected": 0, "ratio": 0.0, "threshold": 0.65, "max_items": 2, "schema_version": "4.4.0", "component": "smart_context", "ts": "2026-02-24T14:28:33.847749"}
{"event": "graph_inject", "reason": "question", "graph_injected": 0, "graph_ratio": 0.0, "schema_version": "4.4.0", "component": "smart_context", "ts": "2026-02-24T14:28:33.847977"}
{"event": "smart_context_init", "inject_enabled": true, "adaptive_enabled": true, "graph_enabled": false, "schema_version": "4.4.0", "component": "smart_context", "ts": "2026-02-24T14:29:18.497089"}
{"event": "inject", "reason": "technical_term", "retrieved": 5, "injected": 0, "ratio": 0.0, "threshold": 0.65, "max_items": 2, "schema_version": "4.4.0", "component": "smart_context", "ts": "2026-02-24T14:29:19.818411"}
{"event": "graph_inject", "reason": "technical_term", "graph_injected": 0, "graph_ratio": 0.0, "schema_version": "4.4.0", "component": "smart_context", "ts": "2026-02-24T14:29:19.818880"}
{"event": "smart_context_init", "inject_enabled": true, "adaptive_enabled": true, "graph_enabled": false, "schema_version": "4.4.0", "component": "smart_context", "ts": "2026-02-24T14:30:28.722600"}
{"event": "inject", "reason": "technical_term", "retrieved": 5, "injected": 0, "ratio": 0.0, "threshold": 0.65, "max_items": 2, "schema_version": "4.4.0", "component": "smart_context", "ts": "2026-02-24T14:30:32.388589"}
{"event": "graph_inject", "reason": "technical_term", "graph_injected": 0, "graph_ratio": 0.0, "schema_version": "4.4.0", "component": "smart_context", "ts": "2026-02-24T14:30:32.388773"}
{"event": "smart_context_init", "inject_enabled": true, "adaptive_enabled": true, "graph_enabled": false, "schema_version": "4.4.0", "component": "smart_context", "ts": "2026-02-24T14:30:47.043091"}
{"event": "inject", "reason": "technical_term", "retrieved": 5, "injected": 0, "ratio": 0.0, "threshold": 0.65, "max_items": 2, "schema_version": "4.4.0", "component": "smart_context", "ts": "2026-02-24T14:30:48.522067"}
{"event": "graph_inject", "reason": "technical_term", "graph_injected": 0, "graph_ratio": 0.0, "schema_version": "4.4.0", "component": "smart_context", "ts": "2026-02-24T14:30:48.522257"}
{"event": "smart_context_init", "inject_enabled": true, "adaptive_enabled": true, "graph_enabled": false, "schema_version": "4.4.0", "component": "smart_context", "ts": "2026-02-24T14:31:25.615110"}
{"event": "inject", "reason": "technical_term", "retrieved": 5, "injected": 0, "ratio": 0.0, "threshold": 0.65, "max_items": 2, "schema_version": "4.4.0", "component": "smart_context", "ts": "2026-02-24T14:31:27.033096"}
{"event": "graph_inject", "reason": "technical_term", "graph_injected": 0, "graph_ratio": 0.0, "schema_version": "4.4.0", "component": "smart_context", "ts": "2026-02-24T14:31:27.033250"}
{"event": "smart_context_init", "inject_enabled": true, "adaptive_enabled": true, "graph_enabled": false, "schema_version": "4.4.0", "component": "smart_context", "ts": "2026-02-24T14:32:00.294831"}
{"event": "inject", "reason": "technical_term", "retrieved": 5, "injected": 0, "ratio": 0.0, "threshold": 0.65, "max_items": 2, "schema_version": "4.4.0", "component": "smart_context", "ts": "2026-02-24T14:32:02.183470"}
{"event": "graph_inject", "reason": "technical_term", "graph_injected": 0, "graph_ratio": 0.0, "schema_version": "4.4.0", "component": "smart_context", "ts": "2026-02-24T14:32:02.183959"}
{"event": "smart_context_init", "inject_enabled": true, "adaptive_enabled": true, "graph_enabled": false, "schema_version": "4.4.0", "component": "smart_context", "ts": "2026-02-24T14:32:28.478684"}
{"event": "inject", "reason": "technical_term", "retrieved": 5, "injected": 0, "ratio": 0.0, "threshold": 0.65, "max_items": 2, "schema_version": "4.4.0", "component": "smart_context", "ts": "2026-02-24T14:32:29.730169"}
{"event": "graph_inject", "reason": "technical_term", "graph_injected": 0, "graph_ratio": 0.0, "schema_version": "4.4.0", "component": "smart_context", "ts": "2026-02-24T14:32:29.730386"}
